Modules prepared
CPU prepared
Loading data...
Creating datasets...
16 components selected for the latent vectors
Calling accelerator...
DistributedType.NO
Training starts now...
Model defined
====> Epoch: 0 TRAINING Loss: 3.572e-02  VALIDATION Loss: 3.615e-02
====> Epoch: 1 TRAINING Loss: 3.554e-02  VALIDATION Loss: 3.587e-02
====> Epoch: 2 TRAINING Loss: 3.326e-02  VALIDATION Loss: 2.948e-02
====> Epoch: 3 TRAINING Loss: 1.707e-02  VALIDATION Loss: 8.524e-03
====> Epoch: 4 TRAINING Loss: 3.805e-03  VALIDATION Loss: 1.436e-03
====> Epoch: 5 TRAINING Loss: 1.352e-03  VALIDATION Loss: 1.189e-03
====> Epoch: 6 TRAINING Loss: 1.148e-03  VALIDATION Loss: 1.159e-03
====> Epoch: 7 TRAINING Loss: 1.262e-03  VALIDATION Loss: 1.149e-03
====> Epoch: 8 TRAINING Loss: 1.101e-03  VALIDATION Loss: 9.523e-04
====> Epoch: 9 TRAINING Loss: 9.659e-04  VALIDATION Loss: 8.233e-04
====> Epoch: 10 TRAINING Loss: 8.133e-04  VALIDATION Loss: 6.683e-04
====> Epoch: 11 TRAINING Loss: 6.741e-04  VALIDATION Loss: 5.735e-04
====> Epoch: 12 TRAINING Loss: 5.418e-04  VALIDATION Loss: 8.142e-04
====> Epoch: 13 TRAINING Loss: 4.513e-04  VALIDATION Loss: 4.498e-04
====> Epoch: 14 TRAINING Loss: 6.057e-04  VALIDATION Loss: 6.445e-04
====> Epoch: 15 TRAINING Loss: 5.944e-04  VALIDATION Loss: 3.554e-04
====> Epoch: 16 TRAINING Loss: 6.844e-04  VALIDATION Loss: 1.260e-03
====> Epoch: 17 TRAINING Loss: 1.311e-03  VALIDATION Loss: 4.032e-04
====> Epoch: 18 TRAINING Loss: 1.458e-03  VALIDATION Loss: 7.036e-04
====> Epoch: 19 TRAINING Loss: 6.288e-04  VALIDATION Loss: 5.048e-04
====> Epoch: 20 TRAINING Loss: 5.549e-04  VALIDATION Loss: 5.100e-04
====> Epoch: 21 TRAINING Loss: 3.659e-04  VALIDATION Loss: 3.564e-04
====> Epoch: 22 TRAINING Loss: 3.814e-04  VALIDATION Loss: 3.221e-04
====> Epoch: 23 TRAINING Loss: 5.247e-04  VALIDATION Loss: 9.749e-04
====> Epoch: 24 TRAINING Loss: 7.790e-04  VALIDATION Loss: 4.588e-04
====> Epoch: 25 TRAINING Loss: 7.679e-04  VALIDATION Loss: 5.362e-04
====> Epoch: 26 TRAINING Loss: 4.796e-04  VALIDATION Loss: 6.128e-04
====> Epoch: 27 TRAINING Loss: 3.067e-04  VALIDATION Loss: 2.660e-04
====> Epoch: 28 TRAINING Loss: 2.391e-04  VALIDATION Loss: 2.410e-04
====> Epoch: 29 TRAINING Loss: 2.289e-04  VALIDATION Loss: 3.508e-04
====> Epoch: 30 TRAINING Loss: 3.184e-04  VALIDATION Loss: 2.875e-04
====> Epoch: 31 TRAINING Loss: 2.023e-04  VALIDATION Loss: 2.261e-04
====> Epoch: 32 TRAINING Loss: 2.366e-04  VALIDATION Loss: 2.303e-04
====> Epoch: 33 TRAINING Loss: 2.067e-04  VALIDATION Loss: 1.842e-04
====> Epoch: 34 TRAINING Loss: 1.833e-04  VALIDATION Loss: 1.739e-04
====> Epoch: 35 TRAINING Loss: 1.629e-04  VALIDATION Loss: 2.974e-04
====> Epoch: 36 TRAINING Loss: 1.821e-04  VALIDATION Loss: 1.708e-04
====> Epoch: 37 TRAINING Loss: 1.652e-04  VALIDATION Loss: 1.674e-04
====> Epoch: 38 TRAINING Loss: 1.529e-04  VALIDATION Loss: 1.624e-04
====> Epoch: 39 TRAINING Loss: 4.034e-04  VALIDATION Loss: 4.380e-04
====> Epoch: 40 TRAINING Loss: 3.276e-04  VALIDATION Loss: 3.907e-04
====> Epoch: 41 TRAINING Loss: 2.565e-04  VALIDATION Loss: 2.585e-04
====> Epoch: 42 TRAINING Loss: 3.761e-04  VALIDATION Loss: 3.557e-04
====> Epoch: 43 TRAINING Loss: 2.224e-04  VALIDATION Loss: 1.696e-04
====> Epoch: 44 TRAINING Loss: 1.536e-04  VALIDATION Loss: 1.564e-04
====> Epoch: 45 TRAINING Loss: 1.444e-04  VALIDATION Loss: 1.494e-04
====> Epoch: 46 TRAINING Loss: 1.425e-04  VALIDATION Loss: 1.577e-04
====> Epoch: 47 TRAINING Loss: 1.412e-04  VALIDATION Loss: 1.501e-04
====> Epoch: 48 TRAINING Loss: 1.392e-04  VALIDATION Loss: 1.483e-04
====> Epoch: 49 TRAINING Loss: 1.379e-04  VALIDATION Loss: 1.480e-04
Training has finished
Model saved
n_epochs: 50, batch_size: 128, lr: 5e-04
