Starting dense_basis. Failed to load FSPS, only GP-SFH module will be available.
Loading MILES convolved spectra and interpolating in metallicity: 
Generating 10.000 SFHs and their corresponding spectra for each Z:
z=  0
z=  1
z=  2
z=  3
z=  4
z=  5
z=  6
z=  7
z=  8
z=  9
z=  10
z=  11
z=  12
z=  13
z=  14
Reshaping...
Saving...
Modules prepared
GPU  prepared
Loading data...
Creating datasets...
16 components selected for the latent vectors
Calling accelerator...
DistributedType.NO
Training starts now...
Model defined
====> Epoch: 0 TRAINING Loss: 4.227e-02  VALIDATION Loss: 4.182e-02
====> Epoch: 1 TRAINING Loss: 4.045e-02  VALIDATION Loss: 3.875e-02
====> Epoch: 2 TRAINING Loss: 3.594e-02  VALIDATION Loss: 3.292e-02
====> Epoch: 3 TRAINING Loss: 3.093e-02  VALIDATION Loss: 2.962e-02
====> Epoch: 4 TRAINING Loss: 2.797e-02  VALIDATION Loss: 2.658e-02
====> Epoch: 5 TRAINING Loss: 2.293e-02  VALIDATION Loss: 1.863e-02
====> Epoch: 6 TRAINING Loss: 1.545e-02  VALIDATION Loss: 1.195e-02
====> Epoch: 7 TRAINING Loss: 9.681e-03  VALIDATION Loss: 8.842e-03
====> Epoch: 8 TRAINING Loss: 8.814e-03  VALIDATION Loss: 8.653e-03
====> Epoch: 9 TRAINING Loss: 8.801e-03  VALIDATION Loss: 8.559e-03
====> Epoch: 10 TRAINING Loss: 8.567e-03  VALIDATION Loss: 8.449e-03
====> Epoch: 11 TRAINING Loss: 8.473e-03  VALIDATION Loss: 8.384e-03
====> Epoch: 12 TRAINING Loss: 8.509e-03  VALIDATION Loss: 8.228e-03
====> Epoch: 13 TRAINING Loss: 8.327e-03  VALIDATION Loss: 8.294e-03
====> Epoch: 14 TRAINING Loss: 8.172e-03  VALIDATION Loss: 8.060e-03
====> Epoch: 15 TRAINING Loss: 8.059e-03  VALIDATION Loss: 7.855e-03
====> Epoch: 16 TRAINING Loss: 7.972e-03  VALIDATION Loss: 7.657e-03
====> Epoch: 17 TRAINING Loss: 7.801e-03  VALIDATION Loss: 7.584e-03
====> Epoch: 18 TRAINING Loss: 7.669e-03  VALIDATION Loss: 7.465e-03
====> Epoch: 19 TRAINING Loss: 7.732e-03  VALIDATION Loss: 7.469e-03
====> Epoch: 20 TRAINING Loss: 7.605e-03  VALIDATION Loss: 7.474e-03
====> Epoch: 21 TRAINING Loss: 7.558e-03  VALIDATION Loss: 7.783e-03
====> Epoch: 22 TRAINING Loss: 7.487e-03  VALIDATION Loss: 7.194e-03
====> Epoch: 23 TRAINING Loss: 7.538e-03  VALIDATION Loss: 7.904e-03
====> Epoch: 24 TRAINING Loss: 7.403e-03  VALIDATION Loss: 7.151e-03
====> Epoch: 25 TRAINING Loss: 7.296e-03  VALIDATION Loss: 7.282e-03
====> Epoch: 26 TRAINING Loss: 7.067e-03  VALIDATION Loss: 6.561e-03
====> Epoch: 27 TRAINING Loss: 6.556e-03  VALIDATION Loss: 6.831e-03
====> Epoch: 28 TRAINING Loss: 6.844e-03  VALIDATION Loss: 6.325e-03
====> Epoch: 29 TRAINING Loss: 6.284e-03  VALIDATION Loss: 8.996e-03
====> Epoch: 30 TRAINING Loss: 6.209e-03  VALIDATION Loss: 6.696e-03
====> Epoch: 31 TRAINING Loss: 5.904e-03  VALIDATION Loss: 6.100e-03
====> Epoch: 32 TRAINING Loss: 6.079e-03  VALIDATION Loss: 5.498e-03
====> Epoch: 33 TRAINING Loss: 6.054e-03  VALIDATION Loss: 5.666e-03
====> Epoch: 34 TRAINING Loss: 5.928e-03  VALIDATION Loss: 5.444e-03
====> Epoch: 35 TRAINING Loss: 5.957e-03  VALIDATION Loss: 5.879e-03
====> Epoch: 36 TRAINING Loss: 5.774e-03  VALIDATION Loss: 5.768e-03
====> Epoch: 37 TRAINING Loss: 5.783e-03  VALIDATION Loss: 5.488e-03
====> Epoch: 38 TRAINING Loss: 5.601e-03  VALIDATION Loss: 5.355e-03
====> Epoch: 39 TRAINING Loss: 5.566e-03  VALIDATION Loss: 5.644e-03
====> Epoch: 40 TRAINING Loss: 5.724e-03  VALIDATION Loss: 6.982e-03
====> Epoch: 41 TRAINING Loss: 5.521e-03  VALIDATION Loss: 5.061e-03
====> Epoch: 42 TRAINING Loss: 5.410e-03  VALIDATION Loss: 4.889e-03
====> Epoch: 43 TRAINING Loss: 5.424e-03  VALIDATION Loss: 4.910e-03
====> Epoch: 44 TRAINING Loss: 5.628e-03  VALIDATION Loss: 5.324e-03
====> Epoch: 45 TRAINING Loss: 5.549e-03  VALIDATION Loss: 5.193e-03
====> Epoch: 46 TRAINING Loss: 5.180e-03  VALIDATION Loss: 5.216e-03
====> Epoch: 47 TRAINING Loss: 5.322e-03  VALIDATION Loss: 4.953e-03
====> Epoch: 48 TRAINING Loss: 5.257e-03  VALIDATION Loss: 5.363e-03
====> Epoch: 49 TRAINING Loss: 5.355e-03  VALIDATION Loss: 5.218e-03
====> Epoch: 50 TRAINING Loss: 5.237e-03  VALIDATION Loss: 4.594e-03
====> Epoch: 51 TRAINING Loss: 5.114e-03  VALIDATION Loss: 5.152e-03
====> Epoch: 52 TRAINING Loss: 5.097e-03  VALIDATION Loss: 4.884e-03
====> Epoch: 53 TRAINING Loss: 5.039e-03  VALIDATION Loss: 4.644e-03
====> Epoch: 54 TRAINING Loss: 5.015e-03  VALIDATION Loss: 5.158e-03
====> Epoch: 55 TRAINING Loss: 5.053e-03  VALIDATION Loss: 4.956e-03
====> Epoch: 56 TRAINING Loss: 4.968e-03  VALIDATION Loss: 5.271e-03
====> Epoch: 57 TRAINING Loss: 5.038e-03  VALIDATION Loss: 4.500e-03
====> Epoch: 58 TRAINING Loss: 4.899e-03  VALIDATION Loss: 4.645e-03
====> Epoch: 59 TRAINING Loss: 5.030e-03  VALIDATION Loss: 4.974e-03
====> Epoch: 60 TRAINING Loss: 4.950e-03  VALIDATION Loss: 4.521e-03
====> Epoch: 61 TRAINING Loss: 4.955e-03  VALIDATION Loss: 4.580e-03
====> Epoch: 62 TRAINING Loss: 4.972e-03  VALIDATION Loss: 5.263e-03
====> Epoch: 63 TRAINING Loss: 4.880e-03  VALIDATION Loss: 4.906e-03
====> Epoch: 64 TRAINING Loss: 4.904e-03  VALIDATION Loss: 4.992e-03
====> Epoch: 65 TRAINING Loss: 4.904e-03  VALIDATION Loss: 5.001e-03
====> Epoch: 66 TRAINING Loss: 4.564e-03  VALIDATION Loss: 4.753e-03
====> Epoch: 67 TRAINING Loss: 4.755e-03  VALIDATION Loss: 4.752e-03
====> Epoch: 68 TRAINING Loss: 4.742e-03  VALIDATION Loss: 4.444e-03
====> Epoch: 69 TRAINING Loss: 4.659e-03  VALIDATION Loss: 4.815e-03
====> Epoch: 70 TRAINING Loss: 4.768e-03  VALIDATION Loss: 4.470e-03
====> Epoch: 71 TRAINING Loss: 4.816e-03  VALIDATION Loss: 4.304e-03
====> Epoch: 72 TRAINING Loss: 4.885e-03  VALIDATION Loss: 4.518e-03
====> Epoch: 73 TRAINING Loss: 4.582e-03  VALIDATION Loss: 4.475e-03
====> Epoch: 74 TRAINING Loss: 4.512e-03  VALIDATION Loss: 4.674e-03
====> Epoch: 75 TRAINING Loss: 4.503e-03  VALIDATION Loss: 4.784e-03
====> Epoch: 76 TRAINING Loss: 4.507e-03  VALIDATION Loss: 4.132e-03
====> Epoch: 77 TRAINING Loss: 4.523e-03  VALIDATION Loss: 4.748e-03
====> Epoch: 78 TRAINING Loss: 4.449e-03  VALIDATION Loss: 4.302e-03
====> Epoch: 79 TRAINING Loss: 4.378e-03  VALIDATION Loss: 4.180e-03
====> Epoch: 80 TRAINING Loss: 4.616e-03  VALIDATION Loss: 6.080e-03
====> Epoch: 81 TRAINING Loss: 4.326e-03  VALIDATION Loss: 5.096e-03
====> Epoch: 82 TRAINING Loss: 4.539e-03  VALIDATION Loss: 4.063e-03
====> Epoch: 83 TRAINING Loss: 4.511e-03  VALIDATION Loss: 4.374e-03
====> Epoch: 84 TRAINING Loss: 4.299e-03  VALIDATION Loss: 4.259e-03
====> Epoch: 85 TRAINING Loss: 4.285e-03  VALIDATION Loss: 5.555e-03
====> Epoch: 86 TRAINING Loss: 4.341e-03  VALIDATION Loss: 4.435e-03
====> Epoch: 87 TRAINING Loss: 4.376e-03  VALIDATION Loss: 5.759e-03
====> Epoch: 88 TRAINING Loss: 4.420e-03  VALIDATION Loss: 3.906e-03
====> Epoch: 89 TRAINING Loss: 4.203e-03  VALIDATION Loss: 3.822e-03
====> Epoch: 90 TRAINING Loss: 4.271e-03  VALIDATION Loss: 4.086e-03
====> Epoch: 91 TRAINING Loss: 4.251e-03  VALIDATION Loss: 4.011e-03
====> Epoch: 92 TRAINING Loss: 4.266e-03  VALIDATION Loss: 3.885e-03
====> Epoch: 93 TRAINING Loss: 4.227e-03  VALIDATION Loss: 3.823e-03
====> Epoch: 94 TRAINING Loss: 4.140e-03  VALIDATION Loss: 3.923e-03
====> Epoch: 95 TRAINING Loss: 4.165e-03  VALIDATION Loss: 4.378e-03
====> Epoch: 96 TRAINING Loss: 4.092e-03  VALIDATION Loss: 4.086e-03
====> Epoch: 97 TRAINING Loss: 4.203e-03  VALIDATION Loss: 3.939e-03
====> Epoch: 98 TRAINING Loss: 3.988e-03  VALIDATION Loss: 3.882e-03
====> Epoch: 99 TRAINING Loss: 4.036e-03  VALIDATION Loss: 4.791e-03
====> Epoch: 100 TRAINING Loss: 4.164e-03  VALIDATION Loss: 4.041e-03
====> Epoch: 101 TRAINING Loss: 4.204e-03  VALIDATION Loss: 4.175e-03
====> Epoch: 102 TRAINING Loss: 3.989e-03  VALIDATION Loss: 4.019e-03
====> Epoch: 103 TRAINING Loss: 4.013e-03  VALIDATION Loss: 4.704e-03
====> Epoch: 104 TRAINING Loss: 3.887e-03  VALIDATION Loss: 3.807e-03
====> Epoch: 105 TRAINING Loss: 3.984e-03  VALIDATION Loss: 3.986e-03
====> Epoch: 106 TRAINING Loss: 4.021e-03  VALIDATION Loss: 3.818e-03
====> Epoch: 107 TRAINING Loss: 3.948e-03  VALIDATION Loss: 3.755e-03
====> Epoch: 108 TRAINING Loss: 4.076e-03  VALIDATION Loss: 3.815e-03
====> Epoch: 109 TRAINING Loss: 3.916e-03  VALIDATION Loss: 3.825e-03
====> Epoch: 110 TRAINING Loss: 3.898e-03  VALIDATION Loss: 3.736e-03
====> Epoch: 111 TRAINING Loss: 3.919e-03  VALIDATION Loss: 3.827e-03
====> Epoch: 112 TRAINING Loss: 3.884e-03  VALIDATION Loss: 3.688e-03
====> Epoch: 113 TRAINING Loss: 3.927e-03  VALIDATION Loss: 3.542e-03
====> Epoch: 114 TRAINING Loss: 3.720e-03  VALIDATION Loss: 3.658e-03
====> Epoch: 115 TRAINING Loss: 3.876e-03  VALIDATION Loss: 3.742e-03
====> Epoch: 116 TRAINING Loss: 3.800e-03  VALIDATION Loss: 3.816e-03
====> Epoch: 117 TRAINING Loss: 3.858e-03  VALIDATION Loss: 3.611e-03
====> Epoch: 118 TRAINING Loss: 3.749e-03  VALIDATION Loss: 3.525e-03
====> Epoch: 119 TRAINING Loss: 3.736e-03  VALIDATION Loss: 4.049e-03
====> Epoch: 120 TRAINING Loss: 3.805e-03  VALIDATION Loss: 3.675e-03
====> Epoch: 121 TRAINING Loss: 3.758e-03  VALIDATION Loss: 3.842e-03
====> Epoch: 122 TRAINING Loss: 3.828e-03  VALIDATION Loss: 3.606e-03
====> Epoch: 123 TRAINING Loss: 3.805e-03  VALIDATION Loss: 3.579e-03
====> Epoch: 124 TRAINING Loss: 3.574e-03  VALIDATION Loss: 3.549e-03
====> Epoch: 125 TRAINING Loss: 3.654e-03  VALIDATION Loss: 3.403e-03
====> Epoch: 126 TRAINING Loss: 3.714e-03  VALIDATION Loss: 4.143e-03
====> Epoch: 127 TRAINING Loss: 3.672e-03  VALIDATION Loss: 3.422e-03
====> Epoch: 128 TRAINING Loss: 3.623e-03  VALIDATION Loss: 3.668e-03
====> Epoch: 129 TRAINING Loss: 3.718e-03  VALIDATION Loss: 3.529e-03
====> Epoch: 130 TRAINING Loss: 3.547e-03  VALIDATION Loss: 3.421e-03
====> Epoch: 131 TRAINING Loss: 3.605e-03  VALIDATION Loss: 3.549e-03
====> Epoch: 132 TRAINING Loss: 3.621e-03  VALIDATION Loss: 3.586e-03
====> Epoch: 133 TRAINING Loss: 3.526e-03  VALIDATION Loss: 3.458e-03
====> Epoch: 134 TRAINING Loss: 3.473e-03  VALIDATION Loss: 3.399e-03
====> Epoch: 135 TRAINING Loss: 3.591e-03  VALIDATION Loss: 3.364e-03
====> Epoch: 136 TRAINING Loss: 3.363e-03  VALIDATION Loss: 3.249e-03
====> Epoch: 137 TRAINING Loss: 3.542e-03  VALIDATION Loss: 3.818e-03
====> Epoch: 138 TRAINING Loss: 3.550e-03  VALIDATION Loss: 3.614e-03
====> Epoch: 139 TRAINING Loss: 3.392e-03  VALIDATION Loss: 3.359e-03
====> Epoch: 140 TRAINING Loss: 3.384e-03  VALIDATION Loss: 3.209e-03
====> Epoch: 141 TRAINING Loss: 3.385e-03  VALIDATION Loss: 3.421e-03
====> Epoch: 142 TRAINING Loss: 3.293e-03  VALIDATION Loss: 3.279e-03
====> Epoch: 143 TRAINING Loss: 3.445e-03  VALIDATION Loss: 3.645e-03
====> Epoch: 144 TRAINING Loss: 3.334e-03  VALIDATION Loss: 3.751e-03
====> Epoch: 145 TRAINING Loss: 3.376e-03  VALIDATION Loss: 3.384e-03
====> Epoch: 146 TRAINING Loss: 3.411e-03  VALIDATION Loss: 3.671e-03
====> Epoch: 147 TRAINING Loss: 3.432e-03  VALIDATION Loss: 3.143e-03
====> Epoch: 148 TRAINING Loss: 3.299e-03  VALIDATION Loss: 3.221e-03
====> Epoch: 149 TRAINING Loss: 3.319e-03  VALIDATION Loss: 3.255e-03
====> Epoch: 150 TRAINING Loss: 3.223e-03  VALIDATION Loss: 3.424e-03
====> Epoch: 151 TRAINING Loss: 3.208e-03  VALIDATION Loss: 4.273e-03
====> Epoch: 152 TRAINING Loss: 3.320e-03  VALIDATION Loss: 2.976e-03
====> Epoch: 153 TRAINING Loss: 3.276e-03  VALIDATION Loss: 3.136e-03
====> Epoch: 154 TRAINING Loss: 3.197e-03  VALIDATION Loss: 3.284e-03
====> Epoch: 155 TRAINING Loss: 3.214e-03  VALIDATION Loss: 3.245e-03
====> Epoch: 156 TRAINING Loss: 3.167e-03  VALIDATION Loss: 3.043e-03
====> Epoch: 157 TRAINING Loss: 3.125e-03  VALIDATION Loss: 3.122e-03
====> Epoch: 158 TRAINING Loss: 3.188e-03  VALIDATION Loss: 3.057e-03
====> Epoch: 159 TRAINING Loss: 3.172e-03  VALIDATION Loss: 3.396e-03
====> Epoch: 160 TRAINING Loss: 3.161e-03  VALIDATION Loss: 3.388e-03
====> Epoch: 161 TRAINING Loss: 3.094e-03  VALIDATION Loss: 3.073e-03
====> Epoch: 162 TRAINING Loss: 3.029e-03  VALIDATION Loss: 2.962e-03
====> Epoch: 163 TRAINING Loss: 2.952e-03  VALIDATION Loss: 3.169e-03
====> Epoch: 164 TRAINING Loss: 3.049e-03  VALIDATION Loss: 2.961e-03
====> Epoch: 165 TRAINING Loss: 2.983e-03  VALIDATION Loss: 2.935e-03
====> Epoch: 166 TRAINING Loss: 2.918e-03  VALIDATION Loss: 2.827e-03
====> Epoch: 167 TRAINING Loss: 2.932e-03  VALIDATION Loss: 2.786e-03
====> Epoch: 168 TRAINING Loss: 2.931e-03  VALIDATION Loss: 2.868e-03
====> Epoch: 169 TRAINING Loss: 2.864e-03  VALIDATION Loss: 2.936e-03
====> Epoch: 170 TRAINING Loss: 2.804e-03  VALIDATION Loss: 2.981e-03
====> Epoch: 171 TRAINING Loss: 2.948e-03  VALIDATION Loss: 2.969e-03
====> Epoch: 172 TRAINING Loss: 2.807e-03  VALIDATION Loss: 2.694e-03
====> Epoch: 173 TRAINING Loss: 2.784e-03  VALIDATION Loss: 2.743e-03
====> Epoch: 174 TRAINING Loss: 2.705e-03  VALIDATION Loss: 2.652e-03
====> Epoch: 175 TRAINING Loss: 2.771e-03  VALIDATION Loss: 2.895e-03
====> Epoch: 176 TRAINING Loss: 2.723e-03  VALIDATION Loss: 2.672e-03
====> Epoch: 177 TRAINING Loss: 2.660e-03  VALIDATION Loss: 2.516e-03
====> Epoch: 178 TRAINING Loss: 2.691e-03  VALIDATION Loss: 2.548e-03
====> Epoch: 179 TRAINING Loss: 2.598e-03  VALIDATION Loss: 2.895e-03
====> Epoch: 180 TRAINING Loss: 2.709e-03  VALIDATION Loss: 2.746e-03
====> Epoch: 181 TRAINING Loss: 2.572e-03  VALIDATION Loss: 2.632e-03
====> Epoch: 182 TRAINING Loss: 2.598e-03  VALIDATION Loss: 2.739e-03
====> Epoch: 183 TRAINING Loss: 2.534e-03  VALIDATION Loss: 2.547e-03
====> Epoch: 184 TRAINING Loss: 2.572e-03  VALIDATION Loss: 2.546e-03
====> Epoch: 185 TRAINING Loss: 2.559e-03  VALIDATION Loss: 2.490e-03
====> Epoch: 186 TRAINING Loss: 2.608e-03  VALIDATION Loss: 2.570e-03
====> Epoch: 187 TRAINING Loss: 2.523e-03  VALIDATION Loss: 2.610e-03
====> Epoch: 188 TRAINING Loss: 2.554e-03  VALIDATION Loss: 2.451e-03
====> Epoch: 189 TRAINING Loss: 2.467e-03  VALIDATION Loss: 2.411e-03
====> Epoch: 190 TRAINING Loss: 2.507e-03  VALIDATION Loss: 2.409e-03
====> Epoch: 191 TRAINING Loss: 2.476e-03  VALIDATION Loss: 2.385e-03
====> Epoch: 192 TRAINING Loss: 2.419e-03  VALIDATION Loss: 2.354e-03
====> Epoch: 193 TRAINING Loss: 2.465e-03  VALIDATION Loss: 2.384e-03
====> Epoch: 194 TRAINING Loss: 2.409e-03  VALIDATION Loss: 2.361e-03
====> Epoch: 195 TRAINING Loss: 2.423e-03  VALIDATION Loss: 2.448e-03
====> Epoch: 196 TRAINING Loss: 2.379e-03  VALIDATION Loss: 2.315e-03
====> Epoch: 197 TRAINING Loss: 2.358e-03  VALIDATION Loss: 2.368e-03
====> Epoch: 198 TRAINING Loss: 2.340e-03  VALIDATION Loss: 2.343e-03
====> Epoch: 199 TRAINING Loss: 2.361e-03  VALIDATION Loss: 2.368e-03
====> Epoch: 200 TRAINING Loss: 2.357e-03  VALIDATION Loss: 2.262e-03
====> Epoch: 201 TRAINING Loss: 2.270e-03  VALIDATION Loss: 2.269e-03
====> Epoch: 202 TRAINING Loss: 2.306e-03  VALIDATION Loss: 2.278e-03
====> Epoch: 203 TRAINING Loss: 2.293e-03  VALIDATION Loss: 2.281e-03
====> Epoch: 204 TRAINING Loss: 2.267e-03  VALIDATION Loss: 2.346e-03
====> Epoch: 205 TRAINING Loss: 2.312e-03  VALIDATION Loss: 2.261e-03
====> Epoch: 206 TRAINING Loss: 2.254e-03  VALIDATION Loss: 2.229e-03
====> Epoch: 207 TRAINING Loss: 2.241e-03  VALIDATION Loss: 2.215e-03
====> Epoch: 208 TRAINING Loss: 2.231e-03  VALIDATION Loss: 2.205e-03
====> Epoch: 209 TRAINING Loss: 2.241e-03  VALIDATION Loss: 2.277e-03
====> Epoch: 210 TRAINING Loss: 2.227e-03  VALIDATION Loss: 2.316e-03
====> Epoch: 211 TRAINING Loss: 2.197e-03  VALIDATION Loss: 2.213e-03
====> Epoch: 212 TRAINING Loss: 2.229e-03  VALIDATION Loss: 2.295e-03
====> Epoch: 213 TRAINING Loss: 2.172e-03  VALIDATION Loss: 2.242e-03
====> Epoch: 214 TRAINING Loss: 2.194e-03  VALIDATION Loss: 2.197e-03
====> Epoch: 215 TRAINING Loss: 2.162e-03  VALIDATION Loss: 2.173e-03
====> Epoch: 216 TRAINING Loss: 2.137e-03  VALIDATION Loss: 2.125e-03
====> Epoch: 217 TRAINING Loss: 2.140e-03  VALIDATION Loss: 2.136e-03
====> Epoch: 218 TRAINING Loss: 2.142e-03  VALIDATION Loss: 2.178e-03
====> Epoch: 219 TRAINING Loss: 2.152e-03  VALIDATION Loss: 2.138e-03
====> Epoch: 220 TRAINING Loss: 2.112e-03  VALIDATION Loss: 2.128e-03
====> Epoch: 221 TRAINING Loss: 2.107e-03  VALIDATION Loss: 2.177e-03
====> Epoch: 222 TRAINING Loss: 2.120e-03  VALIDATION Loss: 2.163e-03
====> Epoch: 223 TRAINING Loss: 2.094e-03  VALIDATION Loss: 2.120e-03
====> Epoch: 224 TRAINING Loss: 2.091e-03  VALIDATION Loss: 2.101e-03
====> Epoch: 225 TRAINING Loss: 2.093e-03  VALIDATION Loss: 2.154e-03
====> Epoch: 226 TRAINING Loss: 2.102e-03  VALIDATION Loss: 2.090e-03
====> Epoch: 227 TRAINING Loss: 2.084e-03  VALIDATION Loss: 2.094e-03
====> Epoch: 228 TRAINING Loss: 2.102e-03  VALIDATION Loss: 2.177e-03
====> Epoch: 229 TRAINING Loss: 2.083e-03  VALIDATION Loss: 2.084e-03
====> Epoch: 230 TRAINING Loss: 2.054e-03  VALIDATION Loss: 2.094e-03
====> Epoch: 231 TRAINING Loss: 2.046e-03  VALIDATION Loss: 2.065e-03
====> Epoch: 232 TRAINING Loss: 2.046e-03  VALIDATION Loss: 2.071e-03
====> Epoch: 233 TRAINING Loss: 2.050e-03  VALIDATION Loss: 2.066e-03
====> Epoch: 234 TRAINING Loss: 2.022e-03  VALIDATION Loss: 2.063e-03
====> Epoch: 235 TRAINING Loss: 2.018e-03  VALIDATION Loss: 2.057e-03
====> Epoch: 236 TRAINING Loss: 2.044e-03  VALIDATION Loss: 2.073e-03
====> Epoch: 237 TRAINING Loss: 2.031e-03  VALIDATION Loss: 2.077e-03
====> Epoch: 238 TRAINING Loss: 2.023e-03  VALIDATION Loss: 2.060e-03
====> Epoch: 239 TRAINING Loss: 2.030e-03  VALIDATION Loss: 2.050e-03
====> Epoch: 240 TRAINING Loss: 2.027e-03  VALIDATION Loss: 2.050e-03
====> Epoch: 241 TRAINING Loss: 2.019e-03  VALIDATION Loss: 2.046e-03
====> Epoch: 242 TRAINING Loss: 2.029e-03  VALIDATION Loss: 2.045e-03
====> Epoch: 243 TRAINING Loss: 2.023e-03  VALIDATION Loss: 2.042e-03
====> Epoch: 244 TRAINING Loss: 2.027e-03  VALIDATION Loss: 2.039e-03
====> Epoch: 245 TRAINING Loss: 1.991e-03  VALIDATION Loss: 2.040e-03
====> Epoch: 246 TRAINING Loss: 2.039e-03  VALIDATION Loss: 2.040e-03
====> Epoch: 247 TRAINING Loss: 2.012e-03  VALIDATION Loss: 2.035e-03
====> Epoch: 248 TRAINING Loss: 2.017e-03  VALIDATION Loss: 2.039e-03
====> Epoch: 249 TRAINING Loss: 2.028e-03  VALIDATION Loss: 2.037e-03
Training has finished in  11190.098070383072  s
Model saved
n_epochs: 250, batch_size: 128, lr: 5e-04
Modules prepared
cuda:0  prepared
Loading data...
Shuffling...
Dataset prepared
16 components selected for the latent vectors
Shape of the test set:  (15000, 1978)
Calling accelerator...
DistributedType.NO
Loading model...
Testing starts now...
Saving latents and predicted percentiles...
Loading modules
cuda:0  prepared
Loading data...
Creating dataset and calling accelerator
Shape of the dataset:  (150000, 1978)
Loading module trained with latents of  16  components
Getting latent vectors and predicted percentiles
Saving spectra, percentiles, latents and predicted percentiles
