Modules prepared
CPU prepared
Generating data...
Step 1/4
Step 2/4
Step 3/4
Step 4/4
z:  -2.3
iteration:  0
z:  -2.1999999999999997
iteration:  1
z:  -2.0999999999999996
iteration:  2
z:  -1.9999999999999996
iteration:  3
z:  -1.8999999999999995
iteration:  4
z:  -1.7999999999999994
iteration:  5
z:  -1.6999999999999993
iteration:  6
z:  -1.5999999999999992
iteration:  7
z:  -1.4999999999999991
iteration:  8
z:  -1.399999999999999
iteration:  9
z:  -1.299999999999999
iteration:  10
z:  -1.1999999999999988
iteration:  11
z:  -1.0999999999999988
iteration:  12
z:  -0.9999999999999987
iteration:  13
z:  -0.8999999999999986
iteration:  14
z:  -0.7999999999999985
iteration:  15
z:  -0.6999999999999984
iteration:  16
z:  -0.5999999999999983
iteration:  17
z:  -0.4999999999999982
iteration:  18
z:  -0.39999999999999813
iteration:  19
z:  -0.29999999999999805
iteration:  20
z:  -0.19999999999999796
iteration:  21
z:  -0.09999999999999787
iteration:  22
z:  2.220446049250313e-15
iteration:  23
z:  0.10000000000000231
iteration:  24
z:  0.2000000000000024
iteration:  25
z:  0.3000000000000025
iteration:  26
(270000,) (270000, 4300) (10000, 9)
Creating datasets...
