Modules prepared
GPU  prepared
Loading data...
Creating datasets...
16 components selected for the latent vectors
Calling accelerator...
DistributedType.NO
Training starts now...
Model defined
====> Epoch: 0 TRAINING Loss: 4.128e-02  VALIDATION Loss: 4.089e-02
====> Epoch: 1 TRAINING Loss: 3.786e-02  VALIDATION Loss: 3.512e-02
====> Epoch: 2 TRAINING Loss: 2.980e-02  VALIDATION Loss: 2.573e-02
====> Epoch: 3 TRAINING Loss: 2.155e-02  VALIDATION Loss: 1.889e-02
====> Epoch: 4 TRAINING Loss: 1.705e-02  VALIDATION Loss: 1.612e-02
====> Epoch: 5 TRAINING Loss: 1.491e-02  VALIDATION Loss: 1.419e-02
====> Epoch: 6 TRAINING Loss: 1.253e-02  VALIDATION Loss: 1.155e-02
====> Epoch: 7 TRAINING Loss: 1.076e-02  VALIDATION Loss: 1.066e-02
====> Epoch: 8 TRAINING Loss: 1.025e-02  VALIDATION Loss: 1.039e-02
====> Epoch: 9 TRAINING Loss: 1.016e-02  VALIDATION Loss: 1.026e-02
====> Epoch: 10 TRAINING Loss: 1.007e-02  VALIDATION Loss: 1.035e-02
====> Epoch: 11 TRAINING Loss: 9.722e-03  VALIDATION Loss: 8.381e-03
====> Epoch: 12 TRAINING Loss: 7.725e-03  VALIDATION Loss: 7.712e-03
====> Epoch: 13 TRAINING Loss: 7.625e-03  VALIDATION Loss: 7.525e-03
====> Epoch: 14 TRAINING Loss: 7.418e-03  VALIDATION Loss: 7.449e-03
====> Epoch: 15 TRAINING Loss: 7.473e-03  VALIDATION Loss: 7.523e-03
====> Epoch: 16 TRAINING Loss: 7.352e-03  VALIDATION Loss: 7.416e-03
====> Epoch: 17 TRAINING Loss: 7.387e-03  VALIDATION Loss: 7.380e-03
====> Epoch: 18 TRAINING Loss: 7.241e-03  VALIDATION Loss: 7.230e-03
====> Epoch: 19 TRAINING Loss: 7.284e-03  VALIDATION Loss: 7.398e-03
====> Epoch: 20 TRAINING Loss: 7.130e-03  VALIDATION Loss: 7.342e-03
====> Epoch: 21 TRAINING Loss: 7.121e-03  VALIDATION Loss: 7.214e-03
====> Epoch: 22 TRAINING Loss: 6.864e-03  VALIDATION Loss: 6.729e-03
====> Epoch: 23 TRAINING Loss: 6.345e-03  VALIDATION Loss: 6.280e-03
====> Epoch: 24 TRAINING Loss: 6.035e-03  VALIDATION Loss: 5.942e-03
====> Epoch: 25 TRAINING Loss: 5.760e-03  VALIDATION Loss: 5.527e-03
====> Epoch: 26 TRAINING Loss: 5.823e-03  VALIDATION Loss: 5.401e-03
====> Epoch: 27 TRAINING Loss: 5.774e-03  VALIDATION Loss: 5.545e-03
====> Epoch: 28 TRAINING Loss: 5.472e-03  VALIDATION Loss: 5.601e-03
====> Epoch: 29 TRAINING Loss: 5.512e-03  VALIDATION Loss: 5.857e-03
====> Epoch: 30 TRAINING Loss: 5.265e-03  VALIDATION Loss: 5.166e-03
====> Epoch: 31 TRAINING Loss: 5.263e-03  VALIDATION Loss: 4.990e-03
====> Epoch: 32 TRAINING Loss: 5.240e-03  VALIDATION Loss: 5.663e-03
====> Epoch: 33 TRAINING Loss: 5.284e-03  VALIDATION Loss: 5.150e-03
====> Epoch: 34 TRAINING Loss: 5.246e-03  VALIDATION Loss: 5.811e-03
====> Epoch: 35 TRAINING Loss: 5.133e-03  VALIDATION Loss: 4.844e-03
====> Epoch: 36 TRAINING Loss: 5.207e-03  VALIDATION Loss: 5.555e-03
====> Epoch: 37 TRAINING Loss: 4.929e-03  VALIDATION Loss: 4.893e-03
====> Epoch: 38 TRAINING Loss: 4.947e-03  VALIDATION Loss: 4.858e-03
====> Epoch: 39 TRAINING Loss: 5.010e-03  VALIDATION Loss: 5.308e-03
====> Epoch: 40 TRAINING Loss: 4.911e-03  VALIDATION Loss: 5.251e-03
====> Epoch: 41 TRAINING Loss: 4.893e-03  VALIDATION Loss: 4.964e-03
====> Epoch: 42 TRAINING Loss: 4.871e-03  VALIDATION Loss: 4.569e-03
====> Epoch: 43 TRAINING Loss: 4.791e-03  VALIDATION Loss: 4.769e-03
====> Epoch: 44 TRAINING Loss: 4.858e-03  VALIDATION Loss: 5.405e-03
====> Epoch: 45 TRAINING Loss: 4.985e-03  VALIDATION Loss: 5.500e-03
====> Epoch: 46 TRAINING Loss: 4.787e-03  VALIDATION Loss: 4.976e-03
====> Epoch: 47 TRAINING Loss: 4.818e-03  VALIDATION Loss: 4.829e-03
====> Epoch: 48 TRAINING Loss: 4.773e-03  VALIDATION Loss: 4.624e-03
====> Epoch: 49 TRAINING Loss: 4.635e-03  VALIDATION Loss: 4.499e-03
====> Epoch: 50 TRAINING Loss: 5.080e-03  VALIDATION Loss: 4.608e-03
====> Epoch: 51 TRAINING Loss: 4.720e-03  VALIDATION Loss: 5.139e-03
====> Epoch: 52 TRAINING Loss: 4.660e-03  VALIDATION Loss: 4.606e-03
====> Epoch: 53 TRAINING Loss: 4.617e-03  VALIDATION Loss: 4.616e-03
====> Epoch: 54 TRAINING Loss: 4.665e-03  VALIDATION Loss: 4.456e-03
====> Epoch: 55 TRAINING Loss: 4.480e-03  VALIDATION Loss: 4.191e-03
====> Epoch: 56 TRAINING Loss: 4.510e-03  VALIDATION Loss: 4.969e-03
====> Epoch: 57 TRAINING Loss: 4.677e-03  VALIDATION Loss: 4.773e-03
====> Epoch: 58 TRAINING Loss: 4.611e-03  VALIDATION Loss: 4.510e-03
====> Epoch: 59 TRAINING Loss: 4.560e-03  VALIDATION Loss: 4.898e-03
====> Epoch: 60 TRAINING Loss: 4.460e-03  VALIDATION Loss: 4.263e-03
====> Epoch: 61 TRAINING Loss: 4.365e-03  VALIDATION Loss: 4.175e-03
====> Epoch: 62 TRAINING Loss: 4.247e-03  VALIDATION Loss: 5.286e-03
====> Epoch: 63 TRAINING Loss: 4.315e-03  VALIDATION Loss: 5.221e-03
====> Epoch: 64 TRAINING Loss: 4.421e-03  VALIDATION Loss: 4.108e-03
====> Epoch: 65 TRAINING Loss: 4.327e-03  VALIDATION Loss: 4.247e-03
====> Epoch: 66 TRAINING Loss: 4.240e-03  VALIDATION Loss: 5.055e-03
====> Epoch: 67 TRAINING Loss: 4.395e-03  VALIDATION Loss: 5.414e-03
====> Epoch: 68 TRAINING Loss: 4.221e-03  VALIDATION Loss: 3.628e-03
====> Epoch: 69 TRAINING Loss: 4.163e-03  VALIDATION Loss: 3.928e-03
====> Epoch: 70 TRAINING Loss: 4.352e-03  VALIDATION Loss: 4.012e-03
====> Epoch: 71 TRAINING Loss: 4.028e-03  VALIDATION Loss: 3.933e-03
====> Epoch: 72 TRAINING Loss: 4.108e-03  VALIDATION Loss: 3.797e-03
====> Epoch: 73 TRAINING Loss: 4.021e-03  VALIDATION Loss: 4.785e-03
====> Epoch: 74 TRAINING Loss: 4.094e-03  VALIDATION Loss: 3.772e-03
====> Epoch: 75 TRAINING Loss: 4.214e-03  VALIDATION Loss: 3.762e-03
====> Epoch: 76 TRAINING Loss: 3.977e-03  VALIDATION Loss: 4.292e-03
====> Epoch: 77 TRAINING Loss: 4.042e-03  VALIDATION Loss: 4.049e-03
====> Epoch: 78 TRAINING Loss: 4.094e-03  VALIDATION Loss: 3.610e-03
====> Epoch: 79 TRAINING Loss: 3.837e-03  VALIDATION Loss: 3.944e-03
====> Epoch: 80 TRAINING Loss: 3.851e-03  VALIDATION Loss: 3.559e-03
====> Epoch: 81 TRAINING Loss: 3.989e-03  VALIDATION Loss: 3.509e-03
====> Epoch: 82 TRAINING Loss: 3.787e-03  VALIDATION Loss: 4.114e-03
====> Epoch: 83 TRAINING Loss: 3.660e-03  VALIDATION Loss: 4.706e-03
====> Epoch: 84 TRAINING Loss: 3.767e-03  VALIDATION Loss: 3.528e-03
====> Epoch: 85 TRAINING Loss: 3.790e-03  VALIDATION Loss: 3.753e-03
====> Epoch: 86 TRAINING Loss: 3.661e-03  VALIDATION Loss: 3.355e-03
====> Epoch: 87 TRAINING Loss: 3.663e-03  VALIDATION Loss: 4.261e-03
====> Epoch: 88 TRAINING Loss: 3.682e-03  VALIDATION Loss: 3.836e-03
====> Epoch: 89 TRAINING Loss: 3.566e-03  VALIDATION Loss: 3.500e-03
====> Epoch: 90 TRAINING Loss: 3.589e-03  VALIDATION Loss: 3.581e-03
====> Epoch: 91 TRAINING Loss: 3.466e-03  VALIDATION Loss: 3.088e-03
====> Epoch: 92 TRAINING Loss: 3.432e-03  VALIDATION Loss: 3.224e-03
====> Epoch: 93 TRAINING Loss: 3.522e-03  VALIDATION Loss: 3.597e-03
====> Epoch: 94 TRAINING Loss: 3.353e-03  VALIDATION Loss: 3.109e-03
====> Epoch: 95 TRAINING Loss: 3.509e-03  VALIDATION Loss: 3.675e-03
====> Epoch: 96 TRAINING Loss: 3.297e-03  VALIDATION Loss: 3.128e-03
====> Epoch: 97 TRAINING Loss: 3.389e-03  VALIDATION Loss: 3.169e-03
====> Epoch: 98 TRAINING Loss: 3.310e-03  VALIDATION Loss: 3.686e-03
====> Epoch: 99 TRAINING Loss: 3.188e-03  VALIDATION Loss: 3.325e-03
====> Epoch: 100 TRAINING Loss: 3.226e-03  VALIDATION Loss: 3.403e-03
====> Epoch: 101 TRAINING Loss: 3.091e-03  VALIDATION Loss: 2.679e-03
====> Epoch: 102 TRAINING Loss: 3.347e-03  VALIDATION Loss: 3.399e-03
====> Epoch: 103 TRAINING Loss: 3.214e-03  VALIDATION Loss: 2.851e-03
====> Epoch: 104 TRAINING Loss: 3.077e-03  VALIDATION Loss: 2.956e-03
====> Epoch: 105 TRAINING Loss: 3.159e-03  VALIDATION Loss: 3.204e-03
====> Epoch: 106 TRAINING Loss: 2.971e-03  VALIDATION Loss: 2.760e-03
====> Epoch: 107 TRAINING Loss: 3.062e-03  VALIDATION Loss: 3.374e-03
====> Epoch: 108 TRAINING Loss: 3.102e-03  VALIDATION Loss: 3.039e-03
====> Epoch: 109 TRAINING Loss: 2.987e-03  VALIDATION Loss: 2.656e-03
====> Epoch: 110 TRAINING Loss: 2.900e-03  VALIDATION Loss: 2.731e-03
====> Epoch: 111 TRAINING Loss: 2.869e-03  VALIDATION Loss: 3.290e-03
====> Epoch: 112 TRAINING Loss: 2.944e-03  VALIDATION Loss: 3.239e-03
====> Epoch: 113 TRAINING Loss: 2.867e-03  VALIDATION Loss: 2.820e-03
====> Epoch: 114 TRAINING Loss: 2.906e-03  VALIDATION Loss: 2.564e-03
====> Epoch: 115 TRAINING Loss: 2.851e-03  VALIDATION Loss: 2.712e-03
====> Epoch: 116 TRAINING Loss: 2.847e-03  VALIDATION Loss: 3.010e-03
====> Epoch: 117 TRAINING Loss: 2.752e-03  VALIDATION Loss: 3.585e-03
====> Epoch: 118 TRAINING Loss: 2.802e-03  VALIDATION Loss: 2.688e-03
====> Epoch: 119 TRAINING Loss: 2.770e-03  VALIDATION Loss: 2.487e-03
====> Epoch: 120 TRAINING Loss: 2.746e-03  VALIDATION Loss: 2.815e-03
====> Epoch: 121 TRAINING Loss: 2.688e-03  VALIDATION Loss: 2.665e-03
====> Epoch: 122 TRAINING Loss: 2.723e-03  VALIDATION Loss: 3.304e-03
====> Epoch: 123 TRAINING Loss: 2.626e-03  VALIDATION Loss: 2.830e-03
====> Epoch: 124 TRAINING Loss: 2.623e-03  VALIDATION Loss: 2.931e-03
====> Epoch: 125 TRAINING Loss: 2.601e-03  VALIDATION Loss: 2.591e-03
====> Epoch: 126 TRAINING Loss: 2.680e-03  VALIDATION Loss: 2.452e-03
====> Epoch: 127 TRAINING Loss: 2.532e-03  VALIDATION Loss: 2.449e-03
====> Epoch: 128 TRAINING Loss: 2.534e-03  VALIDATION Loss: 2.499e-03
====> Epoch: 129 TRAINING Loss: 2.631e-03  VALIDATION Loss: 2.475e-03
====> Epoch: 130 TRAINING Loss: 2.519e-03  VALIDATION Loss: 2.397e-03
====> Epoch: 131 TRAINING Loss: 2.620e-03  VALIDATION Loss: 2.524e-03
====> Epoch: 132 TRAINING Loss: 2.465e-03  VALIDATION Loss: 2.523e-03
====> Epoch: 133 TRAINING Loss: 2.422e-03  VALIDATION Loss: 2.267e-03
====> Epoch: 134 TRAINING Loss: 2.530e-03  VALIDATION Loss: 2.601e-03
====> Epoch: 135 TRAINING Loss: 2.396e-03  VALIDATION Loss: 2.241e-03
====> Epoch: 136 TRAINING Loss: 2.563e-03  VALIDATION Loss: 2.436e-03
====> Epoch: 137 TRAINING Loss: 2.374e-03  VALIDATION Loss: 2.632e-03
====> Epoch: 138 TRAINING Loss: 2.471e-03  VALIDATION Loss: 2.689e-03
====> Epoch: 139 TRAINING Loss: 2.378e-03  VALIDATION Loss: 2.626e-03
====> Epoch: 140 TRAINING Loss: 2.475e-03  VALIDATION Loss: 2.338e-03
====> Epoch: 141 TRAINING Loss: 2.265e-03  VALIDATION Loss: 2.300e-03
====> Epoch: 142 TRAINING Loss: 2.340e-03  VALIDATION Loss: 2.695e-03
====> Epoch: 143 TRAINING Loss: 2.384e-03  VALIDATION Loss: 2.127e-03
====> Epoch: 144 TRAINING Loss: 2.295e-03  VALIDATION Loss: 2.575e-03
====> Epoch: 145 TRAINING Loss: 2.194e-03  VALIDATION Loss: 2.270e-03
====> Epoch: 146 TRAINING Loss: 2.309e-03  VALIDATION Loss: 2.216e-03
====> Epoch: 147 TRAINING Loss: 2.194e-03  VALIDATION Loss: 2.352e-03
====> Epoch: 148 TRAINING Loss: 2.227e-03  VALIDATION Loss: 2.264e-03
====> Epoch: 149 TRAINING Loss: 2.202e-03  VALIDATION Loss: 2.101e-03
====> Epoch: 150 TRAINING Loss: 2.105e-03  VALIDATION Loss: 2.007e-03
====> Epoch: 151 TRAINING Loss: 2.085e-03  VALIDATION Loss: 2.019e-03
====> Epoch: 152 TRAINING Loss: 2.128e-03  VALIDATION Loss: 2.372e-03
====> Epoch: 153 TRAINING Loss: 2.243e-03  VALIDATION Loss: 2.144e-03
====> Epoch: 154 TRAINING Loss: 2.131e-03  VALIDATION Loss: 2.070e-03
====> Epoch: 155 TRAINING Loss: 2.104e-03  VALIDATION Loss: 2.131e-03
====> Epoch: 156 TRAINING Loss: 2.017e-03  VALIDATION Loss: 2.072e-03
====> Epoch: 157 TRAINING Loss: 2.120e-03  VALIDATION Loss: 2.487e-03
====> Epoch: 158 TRAINING Loss: 2.067e-03  VALIDATION Loss: 2.049e-03
====> Epoch: 159 TRAINING Loss: 2.037e-03  VALIDATION Loss: 2.014e-03
====> Epoch: 160 TRAINING Loss: 2.077e-03  VALIDATION Loss: 2.444e-03
====> Epoch: 161 TRAINING Loss: 1.967e-03  VALIDATION Loss: 1.943e-03
====> Epoch: 162 TRAINING Loss: 2.052e-03  VALIDATION Loss: 2.021e-03
====> Epoch: 163 TRAINING Loss: 2.082e-03  VALIDATION Loss: 2.029e-03
====> Epoch: 164 TRAINING Loss: 1.970e-03  VALIDATION Loss: 1.820e-03
====> Epoch: 165 TRAINING Loss: 1.931e-03  VALIDATION Loss: 1.938e-03
====> Epoch: 166 TRAINING Loss: 1.998e-03  VALIDATION Loss: 1.894e-03
====> Epoch: 167 TRAINING Loss: 1.885e-03  VALIDATION Loss: 1.830e-03
====> Epoch: 168 TRAINING Loss: 1.878e-03  VALIDATION Loss: 1.816e-03
====> Epoch: 169 TRAINING Loss: 1.903e-03  VALIDATION Loss: 1.995e-03
====> Epoch: 170 TRAINING Loss: 1.835e-03  VALIDATION Loss: 1.853e-03
====> Epoch: 171 TRAINING Loss: 1.872e-03  VALIDATION Loss: 1.891e-03
====> Epoch: 172 TRAINING Loss: 1.823e-03  VALIDATION Loss: 1.803e-03
====> Epoch: 173 TRAINING Loss: 1.899e-03  VALIDATION Loss: 1.859e-03
====> Epoch: 174 TRAINING Loss: 1.834e-03  VALIDATION Loss: 1.857e-03
====> Epoch: 175 TRAINING Loss: 1.823e-03  VALIDATION Loss: 1.963e-03
====> Epoch: 176 TRAINING Loss: 1.742e-03  VALIDATION Loss: 1.773e-03
====> Epoch: 177 TRAINING Loss: 1.767e-03  VALIDATION Loss: 1.863e-03
====> Epoch: 178 TRAINING Loss: 1.736e-03  VALIDATION Loss: 1.893e-03
====> Epoch: 179 TRAINING Loss: 1.792e-03  VALIDATION Loss: 1.687e-03
====> Epoch: 180 TRAINING Loss: 1.796e-03  VALIDATION Loss: 1.844e-03
====> Epoch: 181 TRAINING Loss: 1.723e-03  VALIDATION Loss: 1.772e-03
====> Epoch: 182 TRAINING Loss: 1.705e-03  VALIDATION Loss: 1.815e-03
====> Epoch: 183 TRAINING Loss: 1.790e-03  VALIDATION Loss: 1.696e-03
====> Epoch: 184 TRAINING Loss: 1.748e-03  VALIDATION Loss: 1.669e-03
====> Epoch: 185 TRAINING Loss: 1.699e-03  VALIDATION Loss: 1.727e-03
====> Epoch: 186 TRAINING Loss: 1.687e-03  VALIDATION Loss: 1.691e-03
====> Epoch: 187 TRAINING Loss: 1.722e-03  VALIDATION Loss: 1.672e-03
====> Epoch: 188 TRAINING Loss: 1.683e-03  VALIDATION Loss: 1.824e-03
====> Epoch: 189 TRAINING Loss: 1.707e-03  VALIDATION Loss: 1.781e-03
====> Epoch: 190 TRAINING Loss: 1.648e-03  VALIDATION Loss: 2.399e-03
====> Epoch: 191 TRAINING Loss: 1.653e-03  VALIDATION Loss: 1.595e-03
====> Epoch: 192 TRAINING Loss: 1.650e-03  VALIDATION Loss: 1.588e-03
====> Epoch: 193 TRAINING Loss: 1.588e-03  VALIDATION Loss: 1.579e-03
====> Epoch: 194 TRAINING Loss: 1.586e-03  VALIDATION Loss: 1.630e-03
====> Epoch: 195 TRAINING Loss: 1.601e-03  VALIDATION Loss: 1.757e-03
====> Epoch: 196 TRAINING Loss: 1.572e-03  VALIDATION Loss: 1.603e-03
====> Epoch: 197 TRAINING Loss: 1.581e-03  VALIDATION Loss: 1.666e-03
====> Epoch: 198 TRAINING Loss: 1.579e-03  VALIDATION Loss: 1.541e-03
====> Epoch: 199 TRAINING Loss: 1.511e-03  VALIDATION Loss: 1.546e-03
====> Epoch: 200 TRAINING Loss: 1.531e-03  VALIDATION Loss: 1.658e-03
====> Epoch: 201 TRAINING Loss: 1.561e-03  VALIDATION Loss: 1.566e-03
====> Epoch: 202 TRAINING Loss: 1.550e-03  VALIDATION Loss: 1.612e-03
====> Epoch: 203 TRAINING Loss: 1.524e-03  VALIDATION Loss: 1.543e-03
====> Epoch: 204 TRAINING Loss: 1.525e-03  VALIDATION Loss: 1.542e-03
====> Epoch: 205 TRAINING Loss: 1.504e-03  VALIDATION Loss: 1.579e-03
====> Epoch: 206 TRAINING Loss: 1.485e-03  VALIDATION Loss: 1.557e-03
====> Epoch: 207 TRAINING Loss: 1.500e-03  VALIDATION Loss: 1.517e-03
====> Epoch: 208 TRAINING Loss: 1.479e-03  VALIDATION Loss: 1.497e-03
====> Epoch: 209 TRAINING Loss: 1.488e-03  VALIDATION Loss: 1.590e-03
====> Epoch: 210 TRAINING Loss: 1.486e-03  VALIDATION Loss: 1.595e-03
====> Epoch: 211 TRAINING Loss: 1.441e-03  VALIDATION Loss: 1.588e-03
====> Epoch: 212 TRAINING Loss: 1.463e-03  VALIDATION Loss: 1.539e-03
====> Epoch: 213 TRAINING Loss: 1.452e-03  VALIDATION Loss: 1.456e-03
====> Epoch: 214 TRAINING Loss: 1.448e-03  VALIDATION Loss: 1.563e-03
====> Epoch: 215 TRAINING Loss: 1.436e-03  VALIDATION Loss: 1.484e-03
====> Epoch: 216 TRAINING Loss: 1.437e-03  VALIDATION Loss: 1.458e-03
====> Epoch: 217 TRAINING Loss: 1.426e-03  VALIDATION Loss: 1.443e-03
====> Epoch: 218 TRAINING Loss: 1.455e-03  VALIDATION Loss: 1.466e-03
====> Epoch: 219 TRAINING Loss: 1.418e-03  VALIDATION Loss: 1.437e-03
====> Epoch: 220 TRAINING Loss: 1.402e-03  VALIDATION Loss: 1.442e-03
====> Epoch: 221 TRAINING Loss: 1.410e-03  VALIDATION Loss: 1.427e-03
====> Epoch: 222 TRAINING Loss: 1.395e-03  VALIDATION Loss: 1.446e-03
====> Epoch: 223 TRAINING Loss: 1.395e-03  VALIDATION Loss: 1.423e-03
====> Epoch: 224 TRAINING Loss: 1.391e-03  VALIDATION Loss: 1.480e-03
====> Epoch: 225 TRAINING Loss: 1.393e-03  VALIDATION Loss: 1.432e-03
====> Epoch: 226 TRAINING Loss: 1.378e-03  VALIDATION Loss: 1.400e-03
====> Epoch: 227 TRAINING Loss: 1.384e-03  VALIDATION Loss: 1.486e-03
====> Epoch: 228 TRAINING Loss: 1.372e-03  VALIDATION Loss: 1.400e-03
====> Epoch: 229 TRAINING Loss: 1.375e-03  VALIDATION Loss: 1.387e-03
====> Epoch: 230 TRAINING Loss: 1.363e-03  VALIDATION Loss: 1.436e-03
====> Epoch: 231 TRAINING Loss: 1.351e-03  VALIDATION Loss: 1.399e-03
====> Epoch: 232 TRAINING Loss: 1.335e-03  VALIDATION Loss: 1.401e-03
====> Epoch: 233 TRAINING Loss: 1.330e-03  VALIDATION Loss: 1.390e-03
====> Epoch: 234 TRAINING Loss: 1.349e-03  VALIDATION Loss: 1.391e-03
====> Epoch: 235 TRAINING Loss: 1.350e-03  VALIDATION Loss: 1.385e-03
====> Epoch: 236 TRAINING Loss: 1.321e-03  VALIDATION Loss: 1.382e-03
====> Epoch: 237 TRAINING Loss: 1.336e-03  VALIDATION Loss: 1.380e-03
====> Epoch: 238 TRAINING Loss: 1.321e-03  VALIDATION Loss: 1.372e-03
====> Epoch: 239 TRAINING Loss: 1.341e-03  VALIDATION Loss: 1.380e-03
====> Epoch: 240 TRAINING Loss: 1.315e-03  VALIDATION Loss: 1.373e-03
====> Epoch: 241 TRAINING Loss: 1.328e-03  VALIDATION Loss: 1.383e-03
====> Epoch: 242 TRAINING Loss: 1.338e-03  VALIDATION Loss: 1.376e-03
====> Epoch: 243 TRAINING Loss: 1.312e-03  VALIDATION Loss: 1.369e-03
====> Epoch: 244 TRAINING Loss: 1.331e-03  VALIDATION Loss: 1.374e-03
====> Epoch: 245 TRAINING Loss: 1.324e-03  VALIDATION Loss: 1.370e-03
====> Epoch: 246 TRAINING Loss: 1.298e-03  VALIDATION Loss: 1.371e-03
====> Epoch: 247 TRAINING Loss: 1.331e-03  VALIDATION Loss: 1.370e-03
====> Epoch: 248 TRAINING Loss: 1.329e-03  VALIDATION Loss: 1.369e-03
====> Epoch: 249 TRAINING Loss: 1.315e-03  VALIDATION Loss: 1.375e-03
Training has finished
Model saved
n_epochs: 250, batch_size: 128, lr: 5e-04
